# JRE version: OpenJDK Runtime Environment Temurin-17.0.6+10 (17.0.6+10) (build 17.0.6+10)
# Java VM: OpenJDK 64-Bit Server VM Temurin-17.0.6+10 (17.0.6+10, mixed mode, tiered, compressed oops, compressed class ptrs, g1 gc, windows-amd64)
GC Precious Log:
 CPUs: 12 total, 12 available
 Memory: 8117M
 Large Page Support: Disabled
 NUMA Support: Disabled
 Compressed Oops: Enabled (32-bit)
 Heap Region Size: 1M
 Heap Min Capacity: 8M
 Heap Initial Capacity: 128M
 Heap Max Capacity: 2030M
 Pre-touch: Disabled
 Parallel Workers: 10
 Concurrent Workers: 3
 Concurrent Refinement Workers: 10
 Periodic GC: Disabled
Heap:
 garbage-first heap   total 65536K, used 33023K [0x0000000081200000, 0x0000000100000000)
  region size 1024K, 7 young (7168K), 2 survivors (2048K)
 Metaspace       used 74881K, committed 75392K, reserved 1122304K
  class space    used 9817K, committed 10048K, reserved 1048576K
GC Heap History (20 events):
Event: 5.181 GC heap before
{Heap before GC invocations=15 (full 0):
 garbage-first heap   total 65536K, used 51033K [0x0000000081200000, 0x0000000100000000)
  region size 1024K, 30 young (30720K), 3 survivors (3072K)
 Metaspace       used 65042K, committed 65536K, reserved 1105920K
  class space    used 8532K, committed 8768K, reserved 1048576K
}
Event: 5.185 GC heap after
{Heap after GC invocations=16 (full 0):
 garbage-first heap   total 65536K, used 25491K [0x0000000081200000, 0x0000000100000000)
  region size 1024K, 3 young (3072K), 3 survivors (3072K)
 Metaspace       used 65042K, committed 65536K, reserved 1105920K
  class space    used 8532K, committed 8768K, reserved 1048576K
}
Event: 7.301 GC heap before
{Heap before GC invocations=16 (full 0):
 garbage-first heap   total 65536K, used 50067K [0x0000000081200000, 0x0000000100000000)
  region size 1024K, 28 young (28672K), 3 survivors (3072K)
 Metaspace       used 68793K, committed 69312K, reserved 1114112K
  class space    used 9017K, committed 9280K, reserved 1048576K
}
Event: 7.306 GC heap after
{Heap after GC invocations=17 (full 0):
 garbage-first heap   total 65536K, used 27607K [0x0000000081200000, 0x0000000100000000)
  region size 1024K, 3 young (3072K), 3 survivors (3072K)
 Metaspace       used 68793K, committed 69312K, reserved 1114112K
  class space    used 9017K, committed 9280K, reserved 1048576K
}
Event: 552.840 GC heap before
{Heap before GC invocations=17 (full 0):
 garbage-first heap   total 65536K, used 51159K [0x0000000081200000, 0x0000000100000000)
  region size 1024K, 26 young (26624K), 3 survivors (3072K)
 Metaspace       used 72121K, committed 72704K, reserved 1114112K
  class space    used 9473K, committed 9728K, reserved 1048576K
}
Event: 552.843 GC heap after
{Heap after GC invocations=18 (full 0):
 garbage-first heap   total 65536K, used 28432K [0x0000000081200000, 0x0000000100000000)
  region size 1024K, 1 young (1024K), 1 survivors (1024K)
 Metaspace       used 72121K, committed 72704K, reserved 1114112K
  class space    used 9473K, committed 9728K, reserved 1048576K
}
Event: 1764.859 GC heap before
{Heap before GC invocations=18 (full 0):
 garbage-first heap   total 65536K, used 53008K [0x0000000081200000, 0x0000000100000000)
  region size 1024K, 25 young (25600K), 1 survivors (1024K)
 Metaspace       used 72171K, committed 72704K, reserved 1114112K
  class space    used 9475K, committed 9728K, reserved 1048576K
}
Event: 1764.860 GC heap after
{Heap after GC invocations=19 (full 0):
 garbage-first heap   total 65536K, used 28499K [0x0000000081200000, 0x0000000100000000)
  region size 1024K, 1 young (1024K), 1 survivors (1024K)
 Metaspace       used 72171K, committed 72704K, reserved 1114112K
  class space    used 9475K, committed 9728K, reserved 1048576K
}
Event: 2478.298 GC heap before
{Heap before GC invocations=19 (full 0):
 garbage-first heap   total 65536K, used 52051K [0x0000000081200000, 0x0000000100000000)
  region size 1024K, 25 young (25600K), 1 survivors (1024K)
 Metaspace       used 74692K, committed 75200K, reserved 1114112K
  class space    used 9814K, committed 10048K, reserved 1048576K
}
Event: 2478.300 GC heap after
{Heap after GC invocations=20 (full 0):
 garbage-first heap   total 65536K, used 29122K [0x0000000081200000, 0x0000000100000000)
  region size 1024K, 2 young (2048K), 2 survivors (2048K)
 Metaspace       used 74692K, committed 75200K, reserved 1114112K
  class space    used 9814K, committed 10048K, reserved 1048576K
}
Event: 3594.980 GC heap before
{Heap before GC invocations=20 (full 0):
 garbage-first heap   total 65536K, used 53698K [0x0000000081200000, 0x0000000100000000)
  region size 1024K, 26 young (26624K), 2 survivors (2048K)
 Metaspace       used 74753K, committed 75264K, reserved 1114112K
  class space    used 9814K, committed 10048K, reserved 1048576K
}
Event: 3594.982 GC heap after
{Heap after GC invocations=21 (full 0):
 garbage-first heap   total 65536K, used 29104K [0x0000000081200000, 0x0000000100000000)
  region size 1024K, 2 young (2048K), 2 survivors (2048K)
 Metaspace       used 74753K, committed 75264K, reserved 1114112K
  class space    used 9814K, committed 10048K, reserved 1048576K
}
Event: 4838.383 GC heap before
{Heap before GC invocations=21 (full 0):
 garbage-first heap   total 65536K, used 53680K [0x0000000081200000, 0x0000000100000000)
  region size 1024K, 26 young (26624K), 2 survivors (2048K)
 Metaspace       used 74784K, committed 75328K, reserved 1114112K
  class space    used 9814K, committed 10048K, reserved 1048576K
}
Event: 4838.384 GC heap after
{Heap after GC invocations=22 (full 0):
 garbage-first heap   total 65536K, used 29137K [0x0000000081200000, 0x0000000100000000)
  region size 1024K, 2 young (2048K), 2 survivors (2048K)
 Metaspace       used 74784K, committed 75328K, reserved 1114112K
  class space    used 9814K, committed 10048K, reserved 1048576K
}
Event: 5977.410 GC heap before
{Heap before GC invocations=22 (full 0):
 garbage-first heap   total 65536K, used 54737K [0x0000000081200000, 0x0000000100000000)
  region size 1024K, 27 young (27648K), 2 survivors (2048K)
 Metaspace       used 74811K, committed 75392K, reserved 1122304K
  class space    used 9815K, committed 10048K, reserved 1048576K
}
Event: 5977.412 GC heap after
{Heap after GC invocations=23 (full 0):
 garbage-first heap   total 65536K, used 28997K [0x0000000081200000, 0x0000000100000000)
  region size 1024K, 2 young (2048K), 2 survivors (2048K)
 Metaspace       used 74811K, committed 75392K, reserved 1122304K
  class space    used 9815K, committed 10048K, reserved 1048576K
}
Event: 7153.000 GC heap before
{Heap before GC invocations=23 (full 0):
 garbage-first heap   total 65536K, used 54597K [0x0000000081200000, 0x0000000100000000)
  region size 1024K, 27 young (27648K), 2 survivors (2048K)
 Metaspace       used 74869K, committed 75392K, reserved 1122304K
  class space    used 9817K, committed 10048K, reserved 1048576K
}
Event: 7153.002 GC heap after
{Heap after GC invocations=24 (full 0):
 garbage-first heap   total 65536K, used 28903K [0x0000000081200000, 0x0000000100000000)
  region size 1024K, 2 young (2048K), 2 survivors (2048K)
 Metaspace       used 74869K, committed 75392K, reserved 1122304K
  class space    used 9817K, committed 10048K, reserved 1048576K
}
Event: 8449.239 GC heap before
{Heap before GC invocations=24 (full 0):
 garbage-first heap   total 65536K, used 54503K [0x0000000081200000, 0x0000000100000000)
  region size 1024K, 27 young (27648K), 2 survivors (2048K)
 Metaspace       used 74881K, committed 75392K, reserved 1122304K
  class space    used 9817K, committed 10048K, reserved 1048576K
}
Event: 8449.241 GC heap after
{Heap after GC invocations=25 (full 0):
 garbage-first heap   total 65536K, used 28927K [0x0000000081200000, 0x0000000100000000)
  region size 1024K, 2 young (2048K), 2 survivors (2048K)
 Metaspace       used 74881K, committed 75392K, reserved 1122304K
  class space    used 9817K, committed 10048K, reserved 1048576K
}

