# JRE version: OpenJDK Runtime Environment Temurin-17.0.6+10 (17.0.6+10) (build 17.0.6+10)
# Java VM: OpenJDK 64-Bit Server VM Temurin-17.0.6+10 (17.0.6+10, mixed mode, tiered, compressed oops, compressed class ptrs, g1 gc, windows-amd64)
GC Precious Log:
 CPUs: 12 total, 12 available
 Memory: 8117M
 Large Page Support: Disabled
 NUMA Support: Disabled
 Compressed Oops: Enabled (32-bit)
 Heap Region Size: 1M
 Heap Min Capacity: 8M
 Heap Initial Capacity: 128M
 Heap Max Capacity: 2030M
 Pre-touch: Disabled
 Parallel Workers: 10
 Concurrent Workers: 3
 Concurrent Refinement Workers: 10
 Periodic GC: Disabled
Heap:
 garbage-first heap   total 80896K, used 33401K [0x0000000081200000, 0x0000000100000000)
  region size 1024K, 10 young (10240K), 3 survivors (3072K)
 Metaspace       used 75223K, committed 75840K, reserved 1122304K
  class space    used 9917K, committed 10176K, reserved 1048576K
GC Heap History (20 events):
Event: 2.095 GC heap before
{Heap before GC invocations=7 (full 0):
 garbage-first heap   total 40960K, used 30972K [0x0000000081200000, 0x0000000100000000)
  region size 1024K, 18 young (18432K), 2 survivors (2048K)
 Metaspace       used 32706K, committed 33152K, reserved 1081344K
  class space    used 3814K, committed 4032K, reserved 1048576K
}
Event: 2.098 GC heap after
{Heap after GC invocations=8 (full 0):
 garbage-first heap   total 40960K, used 15934K [0x0000000081200000, 0x0000000100000000)
  region size 1024K, 3 young (3072K), 3 survivors (3072K)
 Metaspace       used 32706K, committed 33152K, reserved 1081344K
  class space    used 3814K, committed 4032K, reserved 1048576K
}
Event: 2.436 GC heap before
{Heap before GC invocations=8 (full 0):
 garbage-first heap   total 40960K, used 30270K [0x0000000081200000, 0x0000000100000000)
  region size 1024K, 18 young (18432K), 3 survivors (3072K)
 Metaspace       used 35792K, committed 36160K, reserved 1081344K
  class space    used 4263K, committed 4416K, reserved 1048576K
}
Event: 2.440 GC heap after
{Heap after GC invocations=9 (full 0):
 garbage-first heap   total 40960K, used 17421K [0x0000000081200000, 0x0000000100000000)
  region size 1024K, 3 young (3072K), 3 survivors (3072K)
 Metaspace       used 35792K, committed 36160K, reserved 1081344K
  class space    used 4263K, committed 4416K, reserved 1048576K
}
Event: 2.670 GC heap before
{Heap before GC invocations=10 (full 0):
 garbage-first heap   total 40960K, used 30733K [0x0000000081200000, 0x0000000100000000)
  region size 1024K, 17 young (17408K), 3 survivors (3072K)
 Metaspace       used 38177K, committed 38592K, reserved 1089536K
  class space    used 4540K, committed 4736K, reserved 1048576K
}
Event: 2.673 GC heap after
{Heap after GC invocations=11 (full 0):
 garbage-first heap   total 40960K, used 18499K [0x0000000081200000, 0x0000000100000000)
  region size 1024K, 2 young (2048K), 2 survivors (2048K)
 Metaspace       used 38177K, committed 38592K, reserved 1089536K
  class space    used 4540K, committed 4736K, reserved 1048576K
}
Event: 2.684 GC heap before
{Heap before GC invocations=11 (full 0):
 garbage-first heap   total 40960K, used 19523K [0x0000000081200000, 0x0000000100000000)
  region size 1024K, 3 young (3072K), 2 survivors (2048K)
 Metaspace       used 38252K, committed 38720K, reserved 1089536K
  class space    used 4547K, committed 4800K, reserved 1048576K
}
Event: 2.686 GC heap after
{Heap after GC invocations=12 (full 0):
 garbage-first heap   total 80896K, used 18167K [0x0000000081200000, 0x0000000100000000)
  region size 1024K, 1 young (1024K), 1 survivors (1024K)
 Metaspace       used 38252K, committed 38720K, reserved 1089536K
  class space    used 4547K, committed 4800K, reserved 1048576K
}
Event: 3.478 GC heap before
{Heap before GC invocations=12 (full 0):
 garbage-first heap   total 80896K, used 59127K [0x0000000081200000, 0x0000000100000000)
  region size 1024K, 41 young (41984K), 1 survivors (1024K)
 Metaspace       used 48596K, committed 49024K, reserved 1097728K
  class space    used 6056K, committed 6272K, reserved 1048576K
}
Event: 3.481 GC heap after
{Heap after GC invocations=13 (full 0):
 garbage-first heap   total 80896K, used 20263K [0x0000000081200000, 0x0000000100000000)
  region size 1024K, 3 young (3072K), 3 survivors (3072K)
 Metaspace       used 48596K, committed 49024K, reserved 1097728K
  class space    used 6056K, committed 6272K, reserved 1048576K
}
Event: 4.203 GC heap before
{Heap before GC invocations=13 (full 0):
 garbage-first heap   total 80896K, used 61223K [0x0000000081200000, 0x0000000100000000)
  region size 1024K, 43 young (44032K), 3 survivors (3072K)
 Metaspace       used 58967K, committed 59520K, reserved 1105920K
  class space    used 7611K, committed 7872K, reserved 1048576K
}
Event: 4.207 GC heap after
{Heap after GC invocations=14 (full 0):
 garbage-first heap   total 80896K, used 22309K [0x0000000081200000, 0x0000000100000000)
  region size 1024K, 5 young (5120K), 5 survivors (5120K)
 Metaspace       used 58967K, committed 59520K, reserved 1105920K
  class space    used 7611K, committed 7872K, reserved 1048576K
}
Event: 4.306 GC heap before
{Heap before GC invocations=14 (full 0):
 garbage-first heap   total 80896K, used 29477K [0x0000000081200000, 0x0000000100000000)
  region size 1024K, 13 young (13312K), 5 survivors (5120K)
 Metaspace       used 59979K, committed 60480K, reserved 1105920K
  class space    used 7765K, committed 8000K, reserved 1048576K
}
Event: 4.309 GC heap after
{Heap after GC invocations=15 (full 0):
 garbage-first heap   total 80896K, used 22727K [0x0000000081200000, 0x0000000100000000)
  region size 1024K, 3 young (3072K), 3 survivors (3072K)
 Metaspace       used 59979K, committed 60480K, reserved 1105920K
  class space    used 7765K, committed 8000K, reserved 1048576K
}
Event: 5.041 GC heap before
{Heap before GC invocations=16 (full 0):
 garbage-first heap   total 80896K, used 62663K [0x0000000081200000, 0x0000000100000000)
  region size 1024K, 42 young (43008K), 3 survivors (3072K)
 Metaspace       used 67192K, committed 67840K, reserved 1114112K
  class space    used 8834K, committed 9152K, reserved 1048576K
}
Event: 5.046 GC heap after
{Heap after GC invocations=17 (full 0):
 garbage-first heap   total 80896K, used 25806K [0x0000000081200000, 0x0000000100000000)
  region size 1024K, 6 young (6144K), 6 survivors (6144K)
 Metaspace       used 67192K, committed 67840K, reserved 1114112K
  class space    used 8834K, committed 9152K, reserved 1048576K
}
Event: 5.064 GC heap before
{Heap before GC invocations=17 (full 0):
 garbage-first heap   total 80896K, used 26830K [0x0000000081200000, 0x0000000100000000)
  region size 1024K, 7 young (7168K), 6 survivors (6144K)
 Metaspace       used 67410K, committed 68032K, reserved 1114112K
  class space    used 8854K, committed 9152K, reserved 1048576K
}
Event: 5.069 GC heap after
{Heap after GC invocations=18 (full 0):
 garbage-first heap   total 80896K, used 26094K [0x0000000081200000, 0x0000000100000000)
  region size 1024K, 1 young (1024K), 1 survivors (1024K)
 Metaspace       used 67410K, committed 68032K, reserved 1114112K
  class space    used 8854K, committed 9152K, reserved 1048576K
}
Event: 18.427 GC heap before
{Heap before GC invocations=18 (full 0):
 garbage-first heap   total 80896K, used 62958K [0x0000000081200000, 0x0000000100000000)
  region size 1024K, 38 young (38912K), 1 survivors (1024K)
 Metaspace       used 74628K, committed 75264K, reserved 1114112K
  class space    used 9858K, committed 10112K, reserved 1048576K
}
Event: 18.432 GC heap after
{Heap after GC invocations=19 (full 0):
 garbage-first heap   total 80896K, used 28281K [0x0000000081200000, 0x0000000100000000)
  region size 1024K, 3 young (3072K), 3 survivors (3072K)
 Metaspace       used 74628K, committed 75264K, reserved 1114112K
  class space    used 9858K, committed 10112K, reserved 1048576K
}

